This is pdfTeX, Version 3.1415926-2.5-1.40.14 (TeX Live 2013/Debian) (format=pdflatex 2014.8.27)  12 DEC 2014 12:53
entering extended mode
 restricted \write18 enabled.
 %&-line parsing enabled.
**FinalReport_v2.0.tex
(./FinalReport_v2.0.tex
LaTeX2e <2011/06/27>
Babel <3.9h> and hyphenation patterns for 2 languages loaded.
(./llncs.cls
Document Class: llncs 2013/09/27 v2.18 
 LaTeX document class for Lecture Notes in Computer Science
(/usr/share/texlive/texmf-dist/tex/latex/base/article.cls
Document Class: article 2007/10/19 v1.4h Standard LaTeX document class
(/usr/share/texlive/texmf-dist/tex/latex/base/size10.clo
File: size10.clo 2007/10/19 v1.4h Standard LaTeX file (size option)
)
\c@part=\count79
\c@section=\count80
\c@subsection=\count81
\c@subsubsection=\count82
\c@paragraph=\count83
\c@subparagraph=\count84
\c@figure=\count85
\c@table=\count86
\abovecaptionskip=\skip41
\belowcaptionskip=\skip42
\bibindent=\dimen102
)
(/usr/share/texlive/texmf-dist/tex/latex/tools/multicol.sty
Package: multicol 2011/06/27 v1.7a multicolumn formatting (FMi)
\c@tracingmulticols=\count87
\mult@box=\box26
\multicol@leftmargin=\dimen103
\c@unbalance=\count88
\c@collectmore=\count89
\doublecol@number=\count90
\multicoltolerance=\count91
\multicolpretolerance=\count92
\full@width=\dimen104
\page@free=\dimen105
\premulticols=\dimen106
\postmulticols=\dimen107
\multicolsep=\skip43
\multicolbaselineskip=\skip44
\partial@page=\box27
\last@line=\box28
\mult@rightbox=\box29
\mult@grightbox=\box30
\mult@gfirstbox=\box31
\mult@firstbox=\box32
\@tempa=\box33
\@tempa=\box34
\@tempa=\box35
\@tempa=\box36
\@tempa=\box37
\@tempa=\box38
\@tempa=\box39
\@tempa=\box40
\@tempa=\box41
\@tempa=\box42
\@tempa=\box43
\@tempa=\box44
\@tempa=\box45
\@tempa=\box46
\@tempa=\box47
\@tempa=\box48
\@tempa=\box49
\c@columnbadness=\count93
\c@finalcolumnbadness=\count94
\last@try=\dimen108
\multicolovershoot=\dimen109
\multicolundershoot=\dimen110
\mult@nat@firstbox=\box50
\colbreak@box=\box51
\multicol@sort@counter=\count95
) (./aliascnt.sty
Package: aliascnt 2009/09/08 v1.3 Alias counter (HO)

(./remreset.sty))
\c@chapter=\count96
LaTeX Font Info:    Redeclaring math symbol \Gamma on input line 362.
LaTeX Font Info:    Redeclaring math symbol \Delta on input line 363.
LaTeX Font Info:    Redeclaring math symbol \Theta on input line 364.
LaTeX Font Info:    Redeclaring math symbol \Lambda on input line 365.
LaTeX Font Info:    Redeclaring math symbol \Xi on input line 366.
LaTeX Font Info:    Redeclaring math symbol \Pi on input line 367.
LaTeX Font Info:    Redeclaring math symbol \Sigma on input line 368.
LaTeX Font Info:    Redeclaring math symbol \Upsilon on input line 369.
LaTeX Font Info:    Redeclaring math symbol \Phi on input line 370.
LaTeX Font Info:    Redeclaring math symbol \Psi on input line 371.
LaTeX Font Info:    Redeclaring math symbol \Omega on input line 372.
\tocchpnum=\dimen111
\tocsecnum=\dimen112
\tocsectotal=\dimen113
\tocsubsecnum=\dimen114
\tocsubsectotal=\dimen115
\tocsubsubsecnum=\dimen116
\tocsubsubsectotal=\dimen117
\tocparanum=\dimen118
\tocparatotal=\dimen119
\tocsubparanum=\dimen120
\@tempcntc=\count97
\fnindent=\dimen121
\c@@inst=\count98
\c@@auth=\count99
\c@auco=\count100
\instindent=\dimen122
\authrun=\box52
\authorrunning=\toks14
\tocauthor=\toks15
\titrun=\box53
\titlerunning=\toks16
\toctitle=\toks17
\c@theorem=\count101
\c@case=\count102
\c@conjecture=\count103
\c@corollary=\count104
\c@definition=\count105
\c@example=\count106
\c@exercise=\count107
\c@lemma=\count108
\c@note=\count109
\c@problem=\count110
\c@property=\count111
\c@proposition=\count112
\c@question=\count113
\c@solution=\count114
\c@remark=\count115
\headlineindent=\dimen123
)
(/usr/share/texlive/texmf-dist/tex/latex/amsfonts/amssymb.sty
Package: amssymb 2013/01/14 v3.01 AMS font symbols

(/usr/share/texlive/texmf-dist/tex/latex/amsfonts/amsfonts.sty
Package: amsfonts 2013/01/14 v3.01 Basic AMSFonts support
\@emptytoks=\toks18
\symAMSa=\mathgroup4
\symAMSb=\mathgroup5
LaTeX Font Info:    Overwriting math alphabet `\mathfrak' in version `bold'
(Font)                  U/euf/m/n --> U/euf/b/n on input line 106.
))
(/usr/share/texlive/texmf-dist/tex/latex/graphics/graphicx.sty
Package: graphicx 1999/02/16 v1.0f Enhanced LaTeX Graphics (DPC,SPQR)

(/usr/share/texlive/texmf-dist/tex/latex/graphics/keyval.sty
Package: keyval 1999/03/16 v1.13 key=value parser (DPC)
\KV@toks@=\toks19
)
(/usr/share/texlive/texmf-dist/tex/latex/graphics/graphics.sty
Package: graphics 2009/02/05 v1.0o Standard LaTeX Graphics (DPC,SPQR)

(/usr/share/texlive/texmf-dist/tex/latex/graphics/trig.sty
Package: trig 1999/03/16 v1.09 sin cos tan (DPC)
)
(/etc/texmf/tex/latex/config/graphics.cfg
File: graphics.cfg 2009/08/28 v1.8 graphics configuration of TeX Live
)
Package graphics Info: Driver file: pdftex.def on input line 91.

(/usr/share/texlive/texmf-dist/tex/latex/pdftex-def/pdftex.def
File: pdftex.def 2011/05/27 v0.06d Graphics/color for pdfTeX

(/usr/share/texlive/texmf-dist/tex/generic/oberdiek/infwarerr.sty
Package: infwarerr 2010/04/08 v1.3 Providing info/warning/error messages (HO)
)
(/usr/share/texlive/texmf-dist/tex/generic/oberdiek/ltxcmds.sty
Package: ltxcmds 2011/11/09 v1.22 LaTeX kernel commands for general use (HO)
)
\Gread@gobject=\count116
))
\Gin@req@height=\dimen124
\Gin@req@width=\dimen125
)
(/usr/share/texlive/texmf-dist/tex/latex/hyperref/hyperref.sty
Package: hyperref 2012/11/06 v6.83m Hypertext links for LaTeX

(/usr/share/texlive/texmf-dist/tex/generic/oberdiek/hobsub-hyperref.sty
Package: hobsub-hyperref 2012/05/28 v1.13 Bundle oberdiek, subset hyperref (HO)


(/usr/share/texlive/texmf-dist/tex/generic/oberdiek/hobsub-generic.sty
Package: hobsub-generic 2012/05/28 v1.13 Bundle oberdiek, subset generic (HO)
Package: hobsub 2012/05/28 v1.13 Construct package bundles (HO)
Package hobsub Info: Skipping package `infwarerr' (already loaded).
Package hobsub Info: Skipping package `ltxcmds' (already loaded).
Package: ifluatex 2010/03/01 v1.3 Provides the ifluatex switch (HO)
Package ifluatex Info: LuaTeX not detected.
Package: ifvtex 2010/03/01 v1.5 Detect VTeX and its facilities (HO)
Package ifvtex Info: VTeX not detected.
Package: intcalc 2007/09/27 v1.1 Expandable calculations with integers (HO)
Package: ifpdf 2011/01/30 v2.3 Provides the ifpdf switch (HO)
Package ifpdf Info: pdfTeX in PDF mode is detected.
Package: etexcmds 2011/02/16 v1.5 Avoid name clashes with e-TeX commands (HO)
Package etexcmds Info: Could not find \expanded.
(etexcmds)             That can mean that you are not using pdfTeX 1.50 or
(etexcmds)             that some package has redefined \expanded.
(etexcmds)             In the latter case, load this package earlier.
Package: kvsetkeys 2012/04/25 v1.16 Key value parser (HO)
Package: kvdefinekeys 2011/04/07 v1.3 Define keys (HO)
Package: pdftexcmds 2011/11/29 v0.20 Utility functions of pdfTeX for LuaTeX (HO
)
Package pdftexcmds Info: LuaTeX not detected.
Package pdftexcmds Info: \pdf@primitive is available.
Package pdftexcmds Info: \pdf@ifprimitive is available.
Package pdftexcmds Info: \pdfdraftmode found.
Package: pdfescape 2011/11/25 v1.13 Implements pdfTeX's escape features (HO)
Package: bigintcalc 2012/04/08 v1.3 Expandable calculations on big integers (HO
)
Package: bitset 2011/01/30 v1.1 Handle bit-vector datatype (HO)
Package: uniquecounter 2011/01/30 v1.2 Provide unlimited unique counter (HO)
)
Package hobsub Info: Skipping package `hobsub' (already loaded).
Package: letltxmacro 2010/09/02 v1.4 Let assignment for LaTeX macros (HO)
Package: hopatch 2012/05/28 v1.2 Wrapper for package hooks (HO)
Package: xcolor-patch 2011/01/30 xcolor patch
Package: atveryend 2011/06/30 v1.8 Hooks at the very end of document (HO)
Package atveryend Info: \enddocument detected (standard20110627).
Package: atbegshi 2011/10/05 v1.16 At begin shipout hook (HO)
Package: refcount 2011/10/16 v3.4 Data extraction from label references (HO)
Package: hycolor 2011/01/30 v1.7 Color options for hyperref/bookmark (HO)
)
(/usr/share/texlive/texmf-dist/tex/generic/ifxetex/ifxetex.sty
Package: ifxetex 2010/09/12 v0.6 Provides ifxetex conditional
)
(/usr/share/texlive/texmf-dist/tex/latex/oberdiek/auxhook.sty
Package: auxhook 2011/03/04 v1.3 Hooks for auxiliary files (HO)
)
(/usr/share/texlive/texmf-dist/tex/latex/oberdiek/kvoptions.sty
Package: kvoptions 2011/06/30 v3.11 Key value format for package options (HO)
)
\@linkdim=\dimen126
\Hy@linkcounter=\count117
\Hy@pagecounter=\count118

(/usr/share/texlive/texmf-dist/tex/latex/hyperref/pd1enc.def
File: pd1enc.def 2012/11/06 v6.83m Hyperref: PDFDocEncoding definition (HO)
)
\Hy@SavedSpaceFactor=\count119

(/usr/share/texlive/texmf-dist/tex/latex/latexconfig/hyperref.cfg
File: hyperref.cfg 2002/06/06 v1.2 hyperref configuration of TeXLive
)
Package hyperref Info: Hyper figures OFF on input line 4443.
Package hyperref Info: Link nesting OFF on input line 4448.
Package hyperref Info: Hyper index ON on input line 4451.
Package hyperref Info: Plain pages OFF on input line 4458.
Package hyperref Info: Backreferencing OFF on input line 4463.
Package hyperref Info: Implicit mode ON; LaTeX internals redefined.
Package hyperref Info: Bookmarks ON on input line 4688.
\c@Hy@tempcnt=\count120

(/usr/share/texlive/texmf-dist/tex/latex/url/url.sty
\Urlmuskip=\muskip10
Package: url 2013/09/16  ver 3.4  Verb mode for urls, etc.
)
LaTeX Info: Redefining \url on input line 5041.
\XeTeXLinkMargin=\dimen127
\Fld@menulength=\count121
\Field@Width=\dimen128
\Fld@charsize=\dimen129
Package hyperref Info: Hyper figures OFF on input line 6295.
Package hyperref Info: Link nesting OFF on input line 6300.
Package hyperref Info: Hyper index ON on input line 6303.
Package hyperref Info: backreferencing OFF on input line 6310.
Package hyperref Info: Link coloring OFF on input line 6315.
Package hyperref Info: Link coloring with OCG OFF on input line 6320.
Package hyperref Info: PDF/A mode OFF on input line 6325.
LaTeX Info: Redefining \ref on input line 6365.
LaTeX Info: Redefining \pageref on input line 6369.
\Hy@abspage=\count122
\c@Item=\count123
\c@Hfootnote=\count124
)

Package hyperref Message: Driver (autodetected): hpdftex.

(/usr/share/texlive/texmf-dist/tex/latex/hyperref/hpdftex.def
File: hpdftex.def 2012/11/06 v6.83m Hyperref driver for pdfTeX
\Fld@listcount=\count125
\c@bookmark@seq@number=\count126

(/usr/share/texlive/texmf-dist/tex/latex/oberdiek/rerunfilecheck.sty
Package: rerunfilecheck 2011/04/15 v1.7 Rerun checks for auxiliary files (HO)
Package uniquecounter Info: New unique counter `rerunfilecheck' on input line 2
82.
)
\Hy@SectionHShift=\skip45
)
(/usr/share/texlive/texmf-dist/tex/generic/babel/babel.sty
Package: babel 2013/12/03 3.9h The Babel package

(/usr/share/texlive/texmf-dist/tex/generic/babel-english/english.ldf
Language: english 2012/08/20 v3.3p English support from the babel system

(/usr/share/texlive/texmf-dist/tex/generic/babel/babel.def
File: babel.def 2013/12/03 3.9h Babel common definitions
\babel@savecnt=\count127
\U@D=\dimen130
)
\l@british = a dialect from \language\l@english 
\l@UKenglish = a dialect from \language\l@english 
\l@canadian = a dialect from \language\l@american 
\l@australian = a dialect from \language\l@british 
\l@newzealand = a dialect from \language\l@british 
))
No file FinalReport_v2.0.aux.
\openout1 = `FinalReport_v2.0.aux'.

LaTeX Font Info:    Checking defaults for OML/cmm/m/it on input line 33.
LaTeX Font Info:    ... okay on input line 33.
LaTeX Font Info:    Checking defaults for T1/cmr/m/n on input line 33.
LaTeX Font Info:    ... okay on input line 33.
LaTeX Font Info:    Checking defaults for OT1/cmr/m/n on input line 33.
LaTeX Font Info:    ... okay on input line 33.
LaTeX Font Info:    Checking defaults for OMS/cmsy/m/n on input line 33.
LaTeX Font Info:    ... okay on input line 33.
LaTeX Font Info:    Checking defaults for OMX/cmex/m/n on input line 33.
LaTeX Font Info:    ... okay on input line 33.
LaTeX Font Info:    Checking defaults for U/cmr/m/n on input line 33.
LaTeX Font Info:    ... okay on input line 33.
LaTeX Font Info:    Checking defaults for PD1/pdf/m/n on input line 33.
LaTeX Font Info:    ... okay on input line 33.
(/usr/share/texlive/texmf-dist/tex/context/base/supp-pdf.mkii
[Loading MPS to PDF converter (version 2006.09.02).]
\scratchcounter=\count128
\scratchdimen=\dimen131
\scratchbox=\box54
\nofMPsegments=\count129
\nofMParguments=\count130
\everyMPshowfont=\toks20
\MPscratchCnt=\count131
\MPscratchDim=\dimen132
\MPnumerator=\count132
\makeMPintoPDFobject=\count133
\everyMPtoPDFconversion=\toks21
)
\AtBeginShipoutBox=\box55
Package hyperref Info: Link coloring OFF on input line 33.
 (/usr/share/texlive/texmf-dist/tex/latex/hyperref/nameref.sty
Package: nameref 2012/10/27 v2.43 Cross-referencing by name of section

(/usr/share/texlive/texmf-dist/tex/generic/oberdiek/gettitlestring.sty
Package: gettitlestring 2010/12/03 v1.4 Cleanup title references (HO)
)
\c@section@level=\count134
)
LaTeX Info: Redefining \ref on input line 33.
LaTeX Info: Redefining \pageref on input line 33.
LaTeX Info: Redefining \nameref on input line 33.
\@outlinefile=\write3
\openout3 = `FinalReport_v2.0.out'.

LaTeX Font Info:    Try loading font information for U+msa on input line 72.

(/usr/share/texlive/texmf-dist/tex/latex/amsfonts/umsa.fd
File: umsa.fd 2013/01/14 v3.01 AMS symbols A
)
LaTeX Font Info:    Try loading font information for U+msb on input line 72.

(/usr/share/texlive/texmf-dist/tex/latex/amsfonts/umsb.fd
File: umsb.fd 2013/01/14 v3.01 AMS symbols B
)
Underfull \hbox (badness 10000) in paragraph at lines 86--87

 []


Underfull \hbox (badness 10000) in paragraph at lines 93--94

 []


Underfull \hbox (badness 10000) in paragraph at lines 95--96

 []


Underfull \hbox (badness 10000) in paragraph at lines 99--100

 []

[1


{/var/lib/texmf/fonts/map/pdftex/updmap/pdftex.map}]
<Oil_since1970.png, id=20, 1073.00874pt x 561.09625pt>
File: Oil_since1970.png Graphic file (type png)
 <use Oil_since1970.png>
Package pdftex.def Info: Oil_since1970.png used on input line 111.
(pdftex.def)             Requested size: 347.12354pt x 181.51508pt.


LaTeX Warning: Citation `opec' on page 2 undefined on input line 117.

Missing character: There is no â in font cmr10!
Missing character: There is no € in font cmr10!
Missing character: There is no ™ in font cmr10!
Missing character: There is no â in font cmr10!
Missing character: There is no € in font cmr10!
Missing character: There is no ™ in font cmr10!

LaTeX Warning: Citation `eiafactors' on page 2 undefined on input line 117.


Overfull \hbox (45.2624pt too wide) has occurred while \output is active
[]                                   [] 
 []

[2 <./Oil_since1970.png>]

LaTeX Warning: Citation `eiafactors' on page 3 undefined on input line 121.


LaTeX Warning: Citation `eiafactors' on page 3 undefined on input line 130.


LaTeX Warning: Citation `oildollar' on page 3 undefined on input line 130.


LaTeX Warning: Reference `fig:Gold_since1970.png' on page 3 undefined on input 
line 133.


Underfull \hbox (badness 10000) in paragraph at lines 133--134

 []

<Gold_since1970.png, id=32, 1085.05376pt x 570.13pt>
File: Gold_since1970.png Graphic file (type png)
 <use Gold_since1970.png>
Package pdftex.def Info: Gold_since1970.png used on input line 137.
(pdftex.def)             Requested size: 347.12354pt x 182.39313pt.


LaTeX Warning: Citation `gold-shafiee' on page 3 undefined on input line 142.


LaTeX Warning: Citation `gold-zhang' on page 3 undefined on input line 142.


LaTeX Warning: Citation `gold-Ismail' on page 3 undefined on input line 142.


Overfull \hbox (0.43262pt too wide) in paragraph at lines 142--143
\OT1/cmr/m/n/10 Crude Oil Price, Com-mod-ity Re-search Bu-reau Fu-ture In-dex (
CRB), EURO/USD
 []

[3]

LaTeX Warning: Citation `csi-1' on page 4 undefined on input line 145.


LaTeX Warning: Citation `csi-2' on page 4 undefined on input line 145.


LaTeX Warning: Citation `gold-shafiee' on page 4 undefined on input line 148.


LaTeX Warning: Citation `gold-zhang' on page 4 undefined on input line 148.

Missing character: There is no â in font cmr10!
Missing character: There is no € in font cmr10!
Missing character: There is no “ in font cmr10!

LaTeX Warning: Citation `gold-url1' on page 4 undefined on input line 149.

<OilvsGold.png, id=42, 1300.86pt x 722.7pt>
File: OilvsGold.png Graphic file (type png)
 <use OilvsGold.png>
Package pdftex.def Info: OilvsGold.png used on input line 153.
(pdftex.def)             Requested size: 347.12354pt x 192.83788pt.

Overfull \hbox (45.2624pt too wide) has occurred while \output is active
[]                                   [] 
 []

[4 <./Gold_since1970.png>]
Underfull \hbox (badness 10000) in paragraph at lines 162--163

 []


Underfull \hbox (badness 10000) in paragraph at lines 164--165

 []


Underfull \hbox (badness 10000) in paragraph at lines 166--167

 []


Underfull \hbox (badness 10000) in paragraph at lines 168--169

 []

[5 <./OilvsGold.png>]
Underfull \hbox (badness 10000) in paragraph at lines 170--171

 []


Overfull \hbox (45.2624pt too wide) has occurred while \output is active
[]                                   [] 
 []

[6]
Underfull \hbox (badness 10000) in paragraph at lines 182--183

 []


Underfull \hbox (badness 10000) in paragraph at lines 183--184

 []


Underfull \hbox (badness 10000) in paragraph at lines 184--185

 []


Underfull \hbox (badness 10000) in paragraph at lines 185--186

 []


Underfull \hbox (badness 10000) in paragraph at lines 189--190

 []


Underfull \hbox (badness 10000) in paragraph at lines 191--192

 []


Underfull \hbox (badness 10000) in paragraph at lines 191--192

 []


Underfull \hbox (badness 10000) in paragraph at lines 193--194

 []


Underfull \hbox (badness 10000) in paragraph at lines 195--196

 []


Underfull \hbox (badness 10000) in paragraph at lines 197--199

 []


Underfull \hbox (badness 10000) in paragraph at lines 197--199

 []

[7]

LaTeX Warning: Citation `engle' on page 8 undefined on input line 200.


Underfull \hbox (badness 10000) in paragraph at lines 200--201

 []


Underfull \hbox (badness 10000) in paragraph at lines 202--203

 []


Underfull \hbox (badness 10000) in paragraph at lines 202--203

 []


Underfull \hbox (badness 10000) in paragraph at lines 204--205

 []


Underfull \hbox (badness 10000) in paragraph at lines 204--205

 []


Underfull \hbox (badness 10000) in paragraph at lines 206--207

 []


Underfull \hbox (badness 10000) in paragraph at lines 206--207

 []


Underfull \hbox (badness 10000) in paragraph at lines 208--209

 []


Underfull \hbox (badness 10000) in paragraph at lines 208--209

 []


Underfull \hbox (badness 10000) in paragraph at lines 214--215

 []


LaTeX Warning: Citation `huntington' on page 8 undefined on input line 216.


Underfull \hbox (badness 10000) in paragraph at lines 216--217

 []


LaTeX Warning: Citation `pindyck' on page 8 undefined on input line 218.


Underfull \hbox (badness 10000) in paragraph at lines 218--219

 []


Overfull \hbox (45.2624pt too wide) has occurred while \output is active
[]                                   [] 
 []

[8]

LaTeX Warning: Citation `yang' on page 9 undefined on input line 220.


Underfull \hbox (badness 10000) in paragraph at lines 220--221

 []


LaTeX Warning: Citation `gold-Ismail' on page 9 undefined on input line 222.


Underfull \hbox (badness 10000) in paragraph at lines 222--223

 []


Underfull \hbox (badness 10000) in paragraph at lines 224--226

 []


Underfull \hbox (badness 10000) in paragraph at lines 224--226

 []


Underfull \hbox (badness 10000) in paragraph at lines 227--228

 []


Underfull \hbox (badness 10000) in paragraph at lines 229--231

 []


Underfull \hbox (badness 10000) in paragraph at lines 229--231

 []


Underfull \hbox (badness 10000) in paragraph at lines 232--233

 []


LaTeX Warning: Citation `oil-zhang' on page 9 undefined on input line 237.


LaTeX Warning: Citation `dongbing' on page 9 undefined on input line 238.


Underfull \hbox (badness 10000) in paragraph at lines 236--240

 []


Underfull \hbox (badness 10000) in paragraph at lines 236--240

 []


Underfull \hbox (badness 10000) in paragraph at lines 236--240

 []


Underfull \hbox (badness 10000) in paragraph at lines 236--240

 []


Underfull \hbox (badness 10000) in paragraph at lines 236--240

 []

[9]
Overfull \hbox (45.2624pt too wide) has occurred while \output is active
[]                                   [] 
 []

[10]

LaTeX Warning: Citation `quandal' on page 11 undefined on input line 246.


Underfull \hbox (badness 10000) in paragraph at lines 246--247

 []

<DataMatrices.png, id=90, 711.65875pt x 187.70125pt>
File: DataMatrices.png Graphic file (type png)
 <use DataMatrices.png>
Package pdftex.def Info: DataMatrices.png used on input line 254.
(pdftex.def)             Requested size: 347.12354pt x 91.55339pt.


LaTeX Warning: Citation `quandal' on page 11 undefined on input line 262.


LaTeX Warning: Citation `quandal' on page 11 undefined on input line 263.


LaTeX Warning: Citation `quandal' on page 11 undefined on input line 264.


LaTeX Warning: Citation `csi' on page 11 undefined on input line 265.

[11 <./DataMatrices.png>]

LaTeX Warning: Reference `fig:Correlation_Oil_Value_.png' on page 12 undefined 
on input line 275.


LaTeX Warning: Reference `fig:Correlation_Gold_Value_.png' on page 12 undefined
 on input line 275.


Underfull \hbox (badness 10000) in paragraph at lines 275--276

 []

<Correlation_Oil_Value_.png, id=97, 487.8225pt x 451.6875pt>
File: Correlation_Oil_Value_.png Graphic file (type png)

<use Correlation_Oil_Value_.png>
Package pdftex.def Info: Correlation_Oil_Value_.png used on input line 279.
(pdftex.def)             Requested size: 347.12354pt x 321.41025pt.

<Correlation_Gold_Value_.png, id=98, 487.8225pt x 451.6875pt>
File: Correlation_Gold_Value_.png Graphic file (type png)

<use Correlation_Gold_Value_.png>
Package pdftex.def Info: Correlation_Gold_Value_.png used on input line 286.
(pdftex.def)             Requested size: 347.12354pt x 321.41025pt.

Overfull \hbox (45.2624pt too wide) has occurred while \output is active
[]                                   [] 
 []

[12 <./Correlation_Oil_Value_.png>] [13 <./Correlation_Gold_Value_.png>]
Underfull \hbox (badness 10000) in paragraph at lines 297--299

 []


Underfull \hbox (badness 10000) in paragraph at lines 305--306

 []


Underfull \hbox (badness 10000) in paragraph at lines 308--309

 []


Underfull \hbox (badness 10000) in paragraph at lines 310--311

 []


Underfull \hbox (badness 10000) in paragraph at lines 312--313

 []


Underfull \hbox (badness 10000) in paragraph at lines 314--316

 []


Underfull \hbox (badness 10000) in paragraph at lines 317--318

 []


Underfull \hbox (badness 10000) in paragraph at lines 319--320

 []


Underfull \hbox (badness 10000) in paragraph at lines 322--323

 []


Overfull \hbox (45.2624pt too wide) has occurred while \output is active
[]                                   [] 
 []

[14]
Underfull \hbox (badness 10000) in paragraph at lines 324--325

 []


Underfull \hbox (badness 10000) in paragraph at lines 345--347

 []


Underfull \hbox (badness 10000) in paragraph at lines 348--349

 []


Underfull \hbox (badness 10000) in paragraph at lines 355--356

 []

[15]
Underfull \hbox (badness 10000) in paragraph at lines 361--363

 []


Underfull \hbox (badness 10000) in paragraph at lines 364--366

 []


Underfull \hbox (badness 10000) in paragraph at lines 367--369

 []


Underfull \hbox (badness 10000) in paragraph at lines 376--377

 []


Overfull \hbox (50.04874pt too wide) in paragraph at lines 380--393
 [] 
 []


LaTeX Warning: Reference `fig:ModelComparison_Oil.png' on page 16 undefined on 
input line 398.


LaTeX Warning: Reference `fig:OilErrorHistogram.png' on page 16 undefined on in
put line 398.

<ModelComparison_Oil.png, id=127, 1069.9975pt x 748.7975pt>
File: ModelComparison_Oil.png Graphic file (type png)

<use ModelComparison_Oil.png>
Package pdftex.def Info: ModelComparison_Oil.png used on input line 402.
(pdftex.def)             Requested size: 347.12354pt x 242.92212pt.

<OilErrorHistogram.png, id=128, 978.65625pt x 1355.0625pt>
File: OilErrorHistogram.png Graphic file (type png)

<use OilErrorHistogram.png>
Package pdftex.def Info: OilErrorHistogram.png used on input line 409.
(pdftex.def)             Requested size: 347.12354pt x 480.6267pt.

Overfull \hbox (45.2624pt too wide) has occurred while \output is active
[]                                   [] 
 []

[16] [17 <./ModelComparison_Oil.png>]
Overfull \hbox (45.2624pt too wide) has occurred while \output is active
[]                                   [] 
 []

[18 <./OilErrorHistogram.png>]
Underfull \hbox (badness 10000) in paragraph at lines 418--419

 []


Overfull \hbox (72.17766pt too wide) in paragraph at lines 422--435
 [] 
 []


LaTeX Warning: Reference `fig:ModelComparison_Gold.png' on page 19 undefined on
 input line 440.


LaTeX Warning: Reference `fig:GoldErrorHistogram.png' on page 19 undefined on i
nput line 440.

<ModelComparison_Gold.png, id=151, 1069.9975pt x 748.7975pt>
File: ModelComparison_Gold.png Graphic file (type png)

<use ModelComparison_Gold.png>
Package pdftex.def Info: ModelComparison_Gold.png used on input line 444.
(pdftex.def)             Requested size: 347.12354pt x 242.92212pt.

<GoldErrorHistogram.png, id=152, 978.65625pt x 1355.0625pt>
File: GoldErrorHistogram.png Graphic file (type png)

<use GoldErrorHistogram.png>
Package pdftex.def Info: GoldErrorHistogram.png used on input line 451.
(pdftex.def)             Requested size: 347.12354pt x 480.6267pt.
 [19]
Overfull \hbox (45.2624pt too wide) has occurred while \output is active
[]                                   [] 
 []

[20 <./ModelComparison_Gold.png>] [21 <./GoldErrorHistogram.png>]
Underfull \hbox (badness 10000) in paragraph at lines 460--462

 []


Underfull \hbox (badness 10000) in paragraph at lines 463--465

 []


Underfull \hbox (badness 10000) in paragraph at lines 470--472

 []


Underfull \hbox (badness 10000) in paragraph at lines 473--475

 []


Underfull \hbox (badness 10000) in paragraph at lines 476--477

 []


Underfull \hbox (badness 10000) in paragraph at lines 478--480

 []


Underfull \hbox (badness 10000) in paragraph at lines 484--486

 []


Overfull \hbox (45.2624pt too wide) has occurred while \output is active
[]                                   [] 
 []

[22]
Underfull \hbox (badness 10000) in paragraph at lines 487--488

 []


Underfull \hbox (badness 10000) in paragraph at lines 514--515
[]\OT1/cmr/m/n/9 What's the dif-fer-ence be-tween con-sumer con-fi-dence and co
n-
 []


Underfull \hbox (badness 10000) in paragraph at lines 514--515
\OT1/cmr/m/n/9 sumer sen-ti-ment?, []$\OT1/cmtt/m/n/9 http : / / www . investop
edia . com / ask / answers / 09 /
 []


Underfull \hbox (badness 10000) in paragraph at lines 516--517
[]\OT1/cmr/m/n/9 What's the dif-fer-ence be-tween con-sumer con-fi-dence and co
n-
 []


Underfull \hbox (badness 10000) in paragraph at lines 516--517
\OT1/cmr/m/n/9 sumer sen-ti-ment?, []$\OT1/cmtt/m/n/9 http : / / www . investop
edia . com / ask / answers / 09 /
 []


Underfull \hbox (badness 10000) in paragraph at lines 518--519
[]\OT1/cmr/m/n/9 Consumer con-fi-dence in-dex, []$\OT1/cmtt/m/n/9 http : / / en
 . wikipedia . org / wiki / Consumer _
 []

[23pdfTeX warning (ext4): destination with the same identifier (name{cite.csi-1
}) has been already used, duplicate ignored

\AtBegShi@Output ...ipout \box \AtBeginShipoutBox 
                                                  \fi \fi 
l.522 \bibitem{gold-pso}
                        Hadavandi, Esmaeil, Arash Ghanbari, and Salman Abbas...
]
Package atveryend Info: Empty hook `BeforeClearDocument' on input line 542.

Overfull \hbox (45.2624pt too wide) has occurred while \output is active
[]                                   [] 
 []

[24]
Package atveryend Info: Empty hook `AfterLastShipout' on input line 542.
 (./FinalReport_v2.0.aux)
Package atveryend Info: Executing hook `AtVeryEndDocument' on input line 542.
Package atveryend Info: Executing hook `AtEndAfterFileList' on input line 542.


Package rerunfilecheck Warning: File `FinalReport_v2.0.out' has changed.
(rerunfilecheck)                Rerun to get outlines right
(rerunfilecheck)                or use package `bookmark'.

Package rerunfilecheck Info: Checksums for `FinalReport_v2.0.out':
(rerunfilecheck)             Before: <no file>
(rerunfilecheck)             After:  FBBDC7C8AFFE892BB9089AEB0AC08925;2531.

LaTeX Warning: There were undefined references.


LaTeX Warning: Label(s) may have changed. Rerun to get cross-references right.

Package atveryend Info: Empty hook `AtVeryVeryEnd' on input line 542.
 ) 
Here is how much of TeX's memory you used:
 6157 strings out of 495032
 88060 string characters out of 6181718
 179793 words of memory out of 5000000
 9220 multiletter control sequences out of 15000+600000
 10780 words of font info for 42 fonts, out of 8000000 for 9000
 14 hyphenation exceptions out of 8191
 29i,8n,28p,868b,467s stack positions out of 5000i,500n,10000p,200000b,80000s
</usr/share/texlive/texmf-dist/fonts/type1/public/amsfonts/cm/cmbx10.pfb></us
r/share/texlive/texmf-dist/fonts/type1/public/amsfonts/cm/cmbx12.pfb></usr/shar
e/texlive/texmf-dist/fonts/type1/public/amsfonts/cm/cmbx9.pfb></usr/share/texli
ve/texmf-dist/fonts/type1/public/amsfonts/cm/cmex10.pfb></usr/share/texlive/tex
mf-dist/fonts/type1/public/amsfonts/cm/cmmi10.pfb></usr/share/texlive/texmf-dis
t/fonts/type1/public/amsfonts/cm/cmmi5.pfb></usr/share/texlive/texmf-dist/fonts
/type1/public/amsfonts/cm/cmmi7.pfb></usr/share/texlive/texmf-dist/fonts/type1/
public/amsfonts/cm/cmmi9.pfb></usr/share/texlive/texmf-dist/fonts/type1/public/
amsfonts/cm/cmr10.pfb></usr/share/texlive/texmf-dist/fonts/type1/public/amsfont
s/cm/cmr5.pfb></usr/share/texlive/texmf-dist/fonts/type1/public/amsfonts/cm/cmr
7.pfb></usr/share/texlive/texmf-dist/fonts/type1/public/amsfonts/cm/cmr9.pfb></
usr/share/texlive/texmf-dist/fonts/type1/public/amsfonts/cm/cmsy10.pfb></usr/sh
are/texlive/texmf-dist/fonts/type1/public/amsfonts/cm/cmsy5.pfb></usr/share/tex
live/texmf-dist/fonts/type1/public/amsfonts/cm/cmsy7.pfb></usr/share/texlive/te
xmf-dist/fonts/type1/public/amsfonts/cm/cmsy9.pfb></usr/share/texlive/texmf-dis
t/fonts/type1/public/amsfonts/cm/cmti10.pfb></usr/share/texlive/texmf-dist/font
s/type1/public/amsfonts/cm/cmtt9.pfb>
Output written on FinalReport_v2.0.pdf (24 pages, 827429 bytes).
PDF statistics:
 298 PDF objects out of 1000 (max. 8388607)
 92 named destinations out of 1000 (max. 500000)
 51 words of extra memory for PDF output out of 10000 (max. 10000000)

